<?xml version="1.0" encoding="UTF-8"?>
<testsuite xmlns:xsi="http://www.w3.org/2001/XMLSchema-instance" xsi:noNamespaceSchemaLocation="https://maven.apache.org/surefire/maven-surefire-plugin/xsd/surefire-test-report.xsd" name="MyTest" time="0.066" tests="7" errors="0" skipped="0" failures="0">
  <properties>
[...]
</properties>
  <testcase name="winDiagonalTest1" classname="MyTest" time="0.033"/>
  <testcase name="winDiagonalTest2" classname="MyTest" time="0"/>
  <testcase name="winDiagonalTest3" classname="MyTest" time="0.003"/>
  <testcase name="winVerticalTest1" classname="MyTest" time="0.001"/>
  <testcase name="winVerticalTest2" classname="MyTest" time="0.006"/>
  <testcase name="winHorizontalTest1" classname="MyTest" time="0"/>
  <testcase name="winHorizontalTest2" classname="MyTest" time="0"/>
</testsuite>